<?xml version="1.0" encoding="UTF-8"?>
<testsuite name="GetBuildTagTest" tests="1" skipped="0" failures="0" errors="0" timestamp="2019-06-22T12:00:43" hostname="michaels-MBP" time="0.195">
  <properties/>
  <testcase name="testCall" classname="GetBuildTagTest" time="0.195"/>
  <system-out><![CDATA[]]></system-out>
  <system-err><![CDATA[]]></system-err>
</testsuite>
